2025-08-04T10:53:55.373+05:30  INFO 8676 --- [spbootdeployment] [main] l.i.g.s.SpbootdeploymentApplication      : Starting SpbootdeploymentApplication using Java 21.0.3 with PID 8676 (C:\Users\ahasna\Documents\AAD\SPIRING-BOOT\spbootdeployment\target\classes started by ahasna in C:\Users\ahasna\Documents\AAD\SPIRING-BOOT\spbootdeployment)
2025-08-04T10:53:55.374+05:30 DEBUG 8676 --- [spbootdeployment] [main] l.i.g.s.SpbootdeploymentApplication      : Running with Spring Boot v3.5.4, Spring v6.2.9
2025-08-04T10:53:55.375+05:30  INFO 8676 --- [spbootdeployment] [main] l.i.g.s.SpbootdeploymentApplication      : No active profile set, falling back to 1 default profile: "default"
2025-08-04T10:53:55.896+05:30  INFO 8676 --- [spbootdeployment] [main] .s.d.r.c.RepositoryConfigurationDelegate : Bootstrapping Spring Data JPA repositories in DEFAULT mode.
2025-08-04T10:53:55.933+05:30  INFO 8676 --- [spbootdeployment] [main] .s.d.r.c.RepositoryConfigurationDelegate : Finished Spring Data repository scanning in 31 ms. Found 1 JPA repository interface.
2025-08-04T10:53:56.270+05:30  INFO 8676 --- [spbootdeployment] [main] o.s.b.w.embedded.tomcat.TomcatWebServer  : Tomcat initialized with port 8080 (http)
2025-08-04T10:53:56.281+05:30  INFO 8676 --- [spbootdeployment] [main] o.apache.catalina.core.StandardService   : Starting service [Tomcat]
2025-08-04T10:53:56.282+05:30  INFO 8676 --- [spbootdeployment] [main] o.apache.catalina.core.StandardEngine    : Starting Servlet engine: [Apache Tomcat/10.1.43]
2025-08-04T10:53:56.317+05:30  INFO 8676 --- [spbootdeployment] [main] o.a.c.c.C.[Tomcat].[localhost].[/]       : Initializing Spring embedded WebApplicationContext
2025-08-04T10:53:56.317+05:30  INFO 8676 --- [spbootdeployment] [main] w.s.c.ServletWebServerApplicationContext : Root WebApplicationContext: initialization completed in 913 ms
2025-08-04T10:53:56.432+05:30  INFO 8676 --- [spbootdeployment] [main] o.hibernate.jpa.internal.util.LogHelper  : HHH000204: Processing PersistenceUnitInfo [name: default]
2025-08-04T10:53:56.483+05:30  INFO 8676 --- [spbootdeployment] [main] org.hibernate.Version                    : HHH000412: Hibernate ORM core version 6.6.22.Final
2025-08-04T10:53:56.522+05:30  INFO 8676 --- [spbootdeployment] [main] o.h.c.internal.RegionFactoryInitiator    : HHH000026: Second-level cache disabled
2025-08-04T10:53:56.767+05:30  INFO 8676 --- [spbootdeployment] [main] o.s.o.j.p.SpringPersistenceUnitInfo      : No LoadTimeWeaver setup: ignoring JPA class transformer
2025-08-04T10:53:56.791+05:30  INFO 8676 --- [spbootdeployment] [main] com.zaxxer.hikari.HikariDataSource       : HikariPool-1 - Starting...
2025-08-04T10:53:57.549+05:30  INFO 8676 --- [spbootdeployment] [main] com.zaxxer.hikari.pool.HikariPool        : HikariPool-1 - Added connection com.mysql.cj.jdbc.ConnectionImpl@4005e485
2025-08-04T10:53:57.550+05:30  INFO 8676 --- [spbootdeployment] [main] com.zaxxer.hikari.HikariDataSource       : HikariPool-1 - Start completed.
2025-08-04T10:53:57.616+05:30  WARN 8676 --- [spbootdeployment] [main] org.hibernate.orm.deprecation            : HHH90000025: MySQLDialect does not need to be specified explicitly using 'hibernate.dialect' (remove the property setting and it will be selected by default)
2025-08-04T10:53:57.630+05:30  INFO 8676 --- [spbootdeployment] [main] org.hibernate.orm.connections.pooling    : HHH10001005: Database info:
	Database JDBC URL [Connecting through datasource 'HikariDataSource (HikariPool-1)']
	Database driver: undefined/unknown
	Database version: 8.0.40
	Autocommit mode: undefined/unknown
	Isolation level: undefined/unknown
	Minimum pool size: undefined/unknown
	Maximum pool size: undefined/unknown
2025-08-04T10:53:58.291+05:30  INFO 8676 --- [spbootdeployment] [main] o.h.e.t.j.p.i.JtaPlatformInitiator       : HHH000489: No JTA platform available (set 'hibernate.transaction.jta.platform' to enable JTA platform integration)
2025-08-04T10:53:58.401+05:30  INFO 8676 --- [spbootdeployment] [main] j.LocalContainerEntityManagerFactoryBean : Initialized JPA EntityManagerFactory for persistence unit 'default'
2025-08-04T10:53:58.560+05:30  WARN 8676 --- [spbootdeployment] [main] JpaBaseConfiguration$JpaWebConfiguration : spring.jpa.open-in-view is enabled by default. Therefore, database queries may be performed during view rendering. Explicitly configure spring.jpa.open-in-view to disable this warning
2025-08-04T10:53:58.834+05:30  WARN 8676 --- [spbootdeployment] [main] .s.s.UserDetailsServiceAutoConfiguration : 

Using generated security password: 1c4bcdb3-a8ba-43d8-9589-61ddf6f4f3c5

This generated password is for development use only. Your security configuration must be updated before running your application in production.

2025-08-04T10:53:58.840+05:30  INFO 8676 --- [spbootdeployment] [main] r$InitializeUserDetailsManagerConfigurer : Global AuthenticationManager configured with UserDetailsService bean with name inMemoryUserDetailsManager
2025-08-04T10:53:58.954+05:30  INFO 8676 --- [spbootdeployment] [main] o.s.b.w.embedded.tomcat.TomcatWebServer  : Tomcat started on port 8080 (http) with context path '/'
2025-08-04T10:53:58.959+05:30  INFO 8676 --- [spbootdeployment] [main] l.i.g.s.SpbootdeploymentApplication      : Started SpbootdeploymentApplication in 4.002 seconds (process running for 4.669)
